01:34:00.497 [main] INFO  c.e.s.SpringServiceForCvSwaggerDockerApplication - Starting SpringServiceForCvSwaggerDockerApplication using Java 17.0.8.1 on DESKTOP-ADGILVM with PID 10112 (D:\JAVA\Spring-Service-For-CV-Swagger-Docker\target\classes started by USER in D:\JAVA\Spring-Service-For-CV-Swagger-Docker)
01:34:00.499 [main] INFO  c.e.s.SpringServiceForCvSwaggerDockerApplication - No active profile set, falling back to 1 default profile: "default"
01:34:01.040 [main] INFO  o.s.d.r.c.RepositoryConfigurationDelegate - Bootstrapping Spring Data JPA repositories in DEFAULT mode.
01:34:01.089 [main] INFO  o.s.d.r.c.RepositoryConfigurationDelegate - Finished Spring Data repository scanning in 41 ms. Found 4 JPA repository interfaces.
01:34:01.476 [main] INFO  o.s.b.w.e.tomcat.TomcatWebServer - Tomcat initialized with port(s): 8080 (http)
01:34:01.483 [main] INFO  o.a.catalina.core.StandardService - Starting service [Tomcat]
01:34:01.483 [main] INFO  o.a.catalina.core.StandardEngine - Starting Servlet engine: [Apache Tomcat/9.0.78]
01:34:01.562 [main] INFO  o.a.c.c.C.[Tomcat].[localhost].[/] - Initializing Spring embedded WebApplicationContext
01:34:01.563 [main] INFO  o.s.b.w.s.c.ServletWebServerApplicationContext - Root WebApplicationContext: initialization completed in 1026 ms
01:34:01.667 [main] INFO  o.f.c.i.license.VersionPrinter - Flyway Community Edition 8.5.13 by Redgate
01:34:01.667 [main] INFO  o.f.c.i.license.VersionPrinter - See what's new here: https://flywaydb.org/documentation/learnmore/releaseNotes#8.5.13
01:34:01.667 [main] INFO  o.f.c.i.license.VersionPrinter - 
01:34:01.673 [main] INFO  com.zaxxer.hikari.HikariDataSource - HikariPool-1 - Starting...
01:34:01.805 [main] INFO  com.zaxxer.hikari.HikariDataSource - HikariPool-1 - Start completed.
01:34:01.816 [main] INFO  o.f.c.i.d.base.BaseDatabaseType - Database: jdbc:postgresql://localhost:5432/cv-service (PostgreSQL 15.4)
01:34:01.821 [main] WARN  o.f.c.i.database.base.Database - Flyway upgrade recommended: PostgreSQL 15.4 is newer than this version of Flyway and support has not been tested. The latest supported version of PostgreSQL is 14.
01:34:01.845 [main] INFO  o.f.core.internal.command.DbValidate - Successfully validated 6 migrations (execution time 00:00.017s)
01:34:01.850 [main] INFO  o.f.core.internal.command.DbMigrate - Current version of schema "public": 6
01:34:01.851 [main] INFO  o.f.core.internal.command.DbMigrate - Schema "public" is up to date. No migration necessary.
01:34:01.933 [main] INFO  o.h.jpa.internal.util.LogHelper - HHH000204: Processing PersistenceUnitInfo [name: default]
01:34:01.969 [main] INFO  org.hibernate.Version - HHH000412: Hibernate ORM core version 5.6.15.Final
01:34:02.113 [main] INFO  o.h.annotations.common.Version - HCANN000001: Hibernate Commons Annotations {5.1.2.Final}
01:34:02.194 [main] INFO  org.hibernate.dialect.Dialect - HHH000400: Using dialect: org.hibernate.dialect.PostgreSQLDialect
01:34:02.630 [main] INFO  o.h.e.t.j.p.i.JtaPlatformInitiator - HHH000490: Using JtaPlatform implementation: [org.hibernate.engine.transaction.jta.platform.internal.NoJtaPlatform]
01:34:02.637 [main] INFO  o.s.o.j.LocalContainerEntityManagerFactoryBean - Initialized JPA EntityManagerFactory for persistence unit 'default'
01:34:02.959 [main] WARN  o.s.b.a.o.j.JpaBaseConfiguration$JpaWebConfiguration - spring.jpa.open-in-view is enabled by default. Therefore, database queries may be performed during view rendering. Explicitly configure spring.jpa.open-in-view to disable this warning
01:34:03.235 [main] INFO  o.s.b.w.e.tomcat.TomcatWebServer - Tomcat started on port(s): 8080 (http) with context path ''
01:34:03.244 [main] INFO  c.e.s.SpringServiceForCvSwaggerDockerApplication - Started SpringServiceForCvSwaggerDockerApplication in 3.121 seconds (JVM running for 3.678)
01:34:35.525 [http-nio-8080-exec-1] INFO  o.a.c.c.C.[Tomcat].[localhost].[/] - Initializing Spring DispatcherServlet 'dispatcherServlet'
01:34:35.526 [http-nio-8080-exec-1] INFO  o.s.web.servlet.DispatcherServlet - Initializing Servlet 'dispatcherServlet'
01:34:35.527 [http-nio-8080-exec-1] INFO  o.s.web.servlet.DispatcherServlet - Completed initialization in 1 ms
01:35:01.029 [http-nio-8080-exec-3] INFO  c.e.s.controller.TestController - Getting all tests.
01:35:01.042 [http-nio-8080-exec-3] INFO  c.e.s.service.TestService - Finding all test
01:35:25.502 [SpringApplicationShutdownHook] INFO  o.s.o.j.LocalContainerEntityManagerFactoryBean - Closing JPA EntityManagerFactory for persistence unit 'default'
01:35:25.503 [SpringApplicationShutdownHook] INFO  com.zaxxer.hikari.HikariDataSource - HikariPool-1 - Shutdown initiated...
01:35:25.505 [SpringApplicationShutdownHook] INFO  com.zaxxer.hikari.HikariDataSource - HikariPool-1 - Shutdown completed.
01:40:40.903 [main] INFO  c.e.s.SpringServiceForCvSwaggerDockerApplication - Starting SpringServiceForCvSwaggerDockerApplication using Java 17.0.8.1 on DESKTOP-ADGILVM with PID 4184 (D:\JAVA\Spring-Service-For-CV-Swagger-Docker\target\classes started by USER in D:\JAVA\Spring-Service-For-CV-Swagger-Docker)
01:40:40.906 [main] INFO  c.e.s.SpringServiceForCvSwaggerDockerApplication - No active profile set, falling back to 1 default profile: "default"
01:40:41.921 [main] INFO  o.a.catalina.core.StandardService - Starting service [Tomcat]
01:40:41.921 [main] INFO  o.a.catalina.core.StandardEngine - Starting Servlet engine: [Apache Tomcat/9.0.78]
01:40:41.999 [main] INFO  o.a.c.c.C.[Tomcat].[localhost].[/] - Initializing Spring embedded WebApplicationContext
01:40:42.094 [main] INFO  o.f.c.i.license.VersionPrinter - Flyway Community Edition 8.5.13 by Redgate
01:40:42.094 [main] INFO  o.f.c.i.license.VersionPrinter - See what's new here: https://flywaydb.org/documentation/learnmore/releaseNotes#8.5.13
01:40:42.094 [main] INFO  o.f.c.i.license.VersionPrinter - 
01:40:42.099 [main] INFO  com.zaxxer.hikari.HikariDataSource - HikariPool-1 - Starting...
01:40:42.227 [main] INFO  com.zaxxer.hikari.HikariDataSource - HikariPool-1 - Start completed.
01:40:42.239 [main] INFO  o.f.c.i.d.base.BaseDatabaseType - Database: jdbc:postgresql://localhost:5432/cv-service (PostgreSQL 15.4)
01:40:42.245 [main] WARN  o.f.c.i.database.base.Database - Flyway upgrade recommended: PostgreSQL 15.4 is newer than this version of Flyway and support has not been tested. The latest supported version of PostgreSQL is 14.
01:40:42.269 [main] INFO  o.f.core.internal.command.DbValidate - Successfully validated 6 migrations (execution time 00:00.018s)
01:40:42.273 [main] INFO  o.f.core.internal.command.DbMigrate - Current version of schema "public": 6
01:40:42.274 [main] INFO  o.f.core.internal.command.DbMigrate - Schema "public" is up to date. No migration necessary.
01:40:42.356 [main] INFO  o.h.jpa.internal.util.LogHelper - HHH000204: Processing PersistenceUnitInfo [name: default]
01:40:42.393 [main] INFO  org.hibernate.Version - HHH000412: Hibernate ORM core version 5.6.15.Final
01:40:42.537 [main] INFO  o.h.annotations.common.Version - HCANN000001: Hibernate Commons Annotations {5.1.2.Final}
01:40:42.619 [main] INFO  org.hibernate.dialect.Dialect - HHH000400: Using dialect: org.hibernate.dialect.PostgreSQLDialect
01:40:43.078 [main] INFO  o.h.e.t.j.p.i.JtaPlatformInitiator - HHH000490: Using JtaPlatform implementation: [org.hibernate.engine.transaction.jta.platform.internal.NoJtaPlatform]
01:40:43.701 [main] INFO  c.e.s.SpringServiceForCvSwaggerDockerApplication - Started SpringServiceForCvSwaggerDockerApplication in 3.122 seconds (JVM running for 3.884)
01:42:56.095 [SpringApplicationShutdownHook] INFO  com.zaxxer.hikari.HikariDataSource - HikariPool-1 - Shutdown initiated...
01:42:56.099 [SpringApplicationShutdownHook] INFO  com.zaxxer.hikari.HikariDataSource - HikariPool-1 - Shutdown completed.
01:42:58.097 [main] INFO  c.e.s.SpringServiceForCvSwaggerDockerApplication - Starting SpringServiceForCvSwaggerDockerApplication using Java 17.0.8.1 on DESKTOP-ADGILVM with PID 17688 (D:\JAVA\Spring-Service-For-CV-Swagger-Docker\target\classes started by USER in D:\JAVA\Spring-Service-For-CV-Swagger-Docker)
01:42:58.100 [main] INFO  c.e.s.SpringServiceForCvSwaggerDockerApplication - No active profile set, falling back to 1 default profile: "default"
01:42:59.101 [main] INFO  o.a.catalina.core.StandardService - Starting service [Tomcat]
01:42:59.102 [main] INFO  o.a.catalina.core.StandardEngine - Starting Servlet engine: [Apache Tomcat/9.0.78]
01:42:59.181 [main] INFO  o.a.c.c.C.[Tomcat].[localhost].[/] - Initializing Spring embedded WebApplicationContext
01:42:59.278 [main] INFO  o.f.c.i.license.VersionPrinter - Flyway Community Edition 8.5.13 by Redgate
01:42:59.278 [main] INFO  o.f.c.i.license.VersionPrinter - See what's new here: https://flywaydb.org/documentation/learnmore/releaseNotes#8.5.13
01:42:59.278 [main] INFO  o.f.c.i.license.VersionPrinter - 
01:42:59.285 [main] INFO  com.zaxxer.hikari.HikariDataSource - HikariPool-1 - Starting...
01:42:59.526 [main] INFO  com.zaxxer.hikari.HikariDataSource - HikariPool-1 - Start completed.
01:42:59.539 [main] INFO  o.f.c.i.d.base.BaseDatabaseType - Database: jdbc:postgresql://localhost:5432/cv-service (PostgreSQL 15.4)
01:42:59.546 [main] WARN  o.f.c.i.database.base.Database - Flyway upgrade recommended: PostgreSQL 15.4 is newer than this version of Flyway and support has not been tested. The latest supported version of PostgreSQL is 14.
01:42:59.581 [main] INFO  o.f.core.internal.command.DbValidate - Successfully validated 6 migrations (execution time 00:00.023s)
01:42:59.587 [main] INFO  o.f.core.internal.command.DbMigrate - Current version of schema "public": 6
01:42:59.588 [main] INFO  o.f.core.internal.command.DbMigrate - Schema "public" is up to date. No migration necessary.
01:42:59.690 [main] INFO  o.h.jpa.internal.util.LogHelper - HHH000204: Processing PersistenceUnitInfo [name: default]
01:42:59.732 [main] INFO  org.hibernate.Version - HHH000412: Hibernate ORM core version 5.6.15.Final
01:42:59.879 [main] INFO  o.h.annotations.common.Version - HCANN000001: Hibernate Commons Annotations {5.1.2.Final}
01:42:59.967 [main] INFO  org.hibernate.dialect.Dialect - HHH000400: Using dialect: org.hibernate.dialect.PostgreSQLDialect
01:43:00.443 [main] INFO  o.h.e.t.j.p.i.JtaPlatformInitiator - HHH000490: Using JtaPlatform implementation: [org.hibernate.engine.transaction.jta.platform.internal.NoJtaPlatform]
01:43:01.091 [main] INFO  c.e.s.SpringServiceForCvSwaggerDockerApplication - Started SpringServiceForCvSwaggerDockerApplication in 3.337 seconds (JVM running for 3.873)
01:43:07.137 [SpringApplicationShutdownHook] INFO  com.zaxxer.hikari.HikariDataSource - HikariPool-1 - Shutdown initiated...
01:43:07.138 [SpringApplicationShutdownHook] INFO  com.zaxxer.hikari.HikariDataSource - HikariPool-1 - Shutdown completed.
01:44:12.280 [main] INFO  c.e.s.SpringServiceForCvSwaggerDockerApplication - Starting SpringServiceForCvSwaggerDockerApplication using Java 17.0.8.1 on DESKTOP-ADGILVM with PID 7416 (D:\JAVA\Spring-Service-For-CV-Swagger-Docker\target\classes started by USER in D:\JAVA\Spring-Service-For-CV-Swagger-Docker)
01:44:12.288 [main] INFO  c.e.s.SpringServiceForCvSwaggerDockerApplication - No active profile set, falling back to 1 default profile: "default"
01:44:13.324 [main] INFO  o.a.catalina.core.StandardService - Starting service [Tomcat]
01:44:13.325 [main] INFO  o.a.catalina.core.StandardEngine - Starting Servlet engine: [Apache Tomcat/9.0.78]
01:44:13.407 [main] INFO  o.a.c.c.C.[Tomcat].[localhost].[/] - Initializing Spring embedded WebApplicationContext
01:44:13.507 [main] INFO  o.f.c.i.license.VersionPrinter - Flyway Community Edition 8.5.13 by Redgate
01:44:13.508 [main] INFO  o.f.c.i.license.VersionPrinter - See what's new here: https://flywaydb.org/documentation/learnmore/releaseNotes#8.5.13
01:44:13.508 [main] INFO  o.f.c.i.license.VersionPrinter - 
01:44:13.514 [main] INFO  com.zaxxer.hikari.HikariDataSource - HikariPool-1 - Starting...
01:44:13.663 [main] INFO  com.zaxxer.hikari.HikariDataSource - HikariPool-1 - Start completed.
01:44:13.674 [main] INFO  o.f.c.i.d.base.BaseDatabaseType - Database: jdbc:postgresql://localhost:5432/cv-service (PostgreSQL 15.4)
01:44:13.680 [main] WARN  o.f.c.i.database.base.Database - Flyway upgrade recommended: PostgreSQL 15.4 is newer than this version of Flyway and support has not been tested. The latest supported version of PostgreSQL is 14.
01:44:13.706 [main] INFO  o.f.core.internal.command.DbValidate - Successfully validated 6 migrations (execution time 00:00.019s)
01:44:13.712 [main] INFO  o.f.core.internal.command.DbMigrate - Current version of schema "public": 6
01:44:13.713 [main] INFO  o.f.core.internal.command.DbMigrate - Schema "public" is up to date. No migration necessary.
01:44:13.798 [main] INFO  o.h.jpa.internal.util.LogHelper - HHH000204: Processing PersistenceUnitInfo [name: default]
01:44:13.835 [main] INFO  org.hibernate.Version - HHH000412: Hibernate ORM core version 5.6.15.Final
01:44:13.985 [main] INFO  o.h.annotations.common.Version - HCANN000001: Hibernate Commons Annotations {5.1.2.Final}
01:44:14.074 [main] INFO  org.hibernate.dialect.Dialect - HHH000400: Using dialect: org.hibernate.dialect.PostgreSQLDialect
01:44:14.556 [main] INFO  o.h.e.t.j.p.i.JtaPlatformInitiator - HHH000490: Using JtaPlatform implementation: [org.hibernate.engine.transaction.jta.platform.internal.NoJtaPlatform]
01:44:15.190 [main] INFO  c.e.s.SpringServiceForCvSwaggerDockerApplication - Started SpringServiceForCvSwaggerDockerApplication in 3.281 seconds (JVM running for 3.961)
01:45:41.104 [SpringApplicationShutdownHook] INFO  com.zaxxer.hikari.HikariDataSource - HikariPool-1 - Shutdown initiated...
01:45:41.106 [SpringApplicationShutdownHook] INFO  com.zaxxer.hikari.HikariDataSource - HikariPool-1 - Shutdown completed.
