2023-10-31 14:54:33.533  INFO DESKTOP-ADGILVM --- [           main] ringServiceForCvSwaggerDockerApplication : Starting SpringServiceForCvSwaggerDockerApplication using Java 17.0.8.1 on DESKTOP-ADGILVM with PID 14416 (D:\JAVA\Spring-Service-For-CV-Swagger-Docker\target\classes started by USER in D:\JAVA\Spring-Service-For-CV-Swagger-Docker)
2023-10-31 14:54:33.544  INFO DESKTOP-ADGILVM --- [           main] ringServiceForCvSwaggerDockerApplication : No active profile set, falling back to 1 default profile: "default"
2023-10-31 14:54:34.290  INFO DESKTOP-ADGILVM --- [           main] .s.d.r.c.RepositoryConfigurationDelegate : Bootstrapping Spring Data JPA repositories in DEFAULT mode.
2023-10-31 14:54:34.363  INFO DESKTOP-ADGILVM --- [           main] .s.d.r.c.RepositoryConfigurationDelegate : Finished Spring Data repository scanning in 63 ms. Found 4 JPA repository interfaces.
2023-10-31 14:54:35.285  INFO DESKTOP-ADGILVM --- [           main] o.s.b.w.e.t.TomcatWebServer              : Tomcat initialized with port(s): 8080 (http)
2023-10-31 14:54:35.300  INFO DESKTOP-ADGILVM --- [           main] o.a.c.h.Http11NioProtocol                : Initializing ProtocolHandler ["http-nio-8080"]
2023-10-31 14:54:35.302  INFO DESKTOP-ADGILVM --- [           main] o.a.c.c.StandardService                  : Starting service [Tomcat]
2023-10-31 14:54:35.302  INFO DESKTOP-ADGILVM --- [           main] o.a.c.c.StandardEngine                   : Starting Servlet engine: [Apache Tomcat/9.0.78]
2023-10-31 14:54:35.416  INFO DESKTOP-ADGILVM --- [           main] o.a.c.c.C.[.[.[/]                        : Initializing Spring embedded WebApplicationContext
2023-10-31 14:54:35.416  INFO DESKTOP-ADGILVM --- [           main] w.s.c.ServletWebServerApplicationContext : Root WebApplicationContext: initialization completed in 1813 ms
2023-10-31 14:54:35.593  INFO DESKTOP-ADGILVM --- [           main] o.h.j.i.u.LogHelper                      : HHH000204: Processing PersistenceUnitInfo [name: default]
2023-10-31 14:54:35.680  INFO DESKTOP-ADGILVM --- [           main] o.h.Version                              : HHH000412: Hibernate ORM core version 5.6.15.Final
2023-10-31 14:54:35.900  INFO DESKTOP-ADGILVM --- [           main] o.h.a.c.Version                          : HCANN000001: Hibernate Commons Annotations {5.1.2.Final}
2023-10-31 14:54:36.009  INFO DESKTOP-ADGILVM --- [           main] c.z.h.HikariDataSource                   : HikariPool-1 - Starting...
2023-10-31 14:54:36.240  INFO DESKTOP-ADGILVM --- [           main] c.z.h.HikariDataSource                   : HikariPool-1 - Start completed.
2023-10-31 14:54:36.268  INFO DESKTOP-ADGILVM --- [           main] o.h.d.Dialect                            : HHH000400: Using dialect: org.hibernate.dialect.PostgreSQLDialect
2023-10-31 14:54:37.279  INFO DESKTOP-ADGILVM --- [           main] o.h.e.t.j.p.i.JtaPlatformInitiator       : HHH000490: Using JtaPlatform implementation: [org.hibernate.engine.transaction.jta.platform.internal.NoJtaPlatform]
2023-10-31 14:54:37.289  INFO DESKTOP-ADGILVM --- [           main] j.LocalContainerEntityManagerFactoryBean : Initialized JPA EntityManagerFactory for persistence unit 'default'
2023-10-31 14:54:37.713  WARN DESKTOP-ADGILVM --- [           main] JpaBaseConfiguration$JpaWebConfiguration : spring.jpa.open-in-view is enabled by default. Therefore, database queries may be performed during view rendering. Explicitly configure spring.jpa.open-in-view to disable this warning
2023-10-31 14:54:38.010  INFO DESKTOP-ADGILVM --- [           main] o.a.c.h.Http11NioProtocol                : Starting ProtocolHandler ["http-nio-8080"]
2023-10-31 14:54:38.032  INFO DESKTOP-ADGILVM --- [           main] o.s.b.w.e.t.TomcatWebServer              : Tomcat started on port(s): 8080 (http) with context path ''
2023-10-31 14:54:38.043  INFO DESKTOP-ADGILVM --- [           main] ringServiceForCvSwaggerDockerApplication : Started SpringServiceForCvSwaggerDockerApplication in 4.91 seconds (JVM running for 6.523)
2023-10-31 14:55:08.945  INFO DESKTOP-ADGILVM --- [nio-8080-exec-1] o.a.c.c.C.[.[.[/]                        : Initializing Spring DispatcherServlet 'dispatcherServlet'
2023-10-31 14:55:08.945  INFO DESKTOP-ADGILVM --- [nio-8080-exec-1] o.s.w.s.DispatcherServlet                : Initializing Servlet 'dispatcherServlet'
2023-10-31 14:55:08.947  INFO DESKTOP-ADGILVM --- [nio-8080-exec-1] o.s.w.s.DispatcherServlet                : Completed initialization in 0 ms
2023-10-31 14:55:09.081  INFO DESKTOP-ADGILVM --- [nio-8080-exec-1] c.e.s.c.SpecializationController         : Adding new specialization: flutter
2023-10-31 14:55:09.081  INFO DESKTOP-ADGILVM --- [nio-8080-exec-1] c.e.s.s.SpecializationService            : Storing specialization data for: flutter
2023-10-31 14:59:55.469  INFO DESKTOP-ADGILVM --- [ionShutdownHook] j.LocalContainerEntityManagerFactoryBean : Closing JPA EntityManagerFactory for persistence unit 'default'
2023-10-31 14:59:55.472  INFO DESKTOP-ADGILVM --- [ionShutdownHook] c.z.h.HikariDataSource                   : HikariPool-1 - Shutdown initiated...
2023-10-31 14:59:55.475  INFO DESKTOP-ADGILVM --- [ionShutdownHook] c.z.h.HikariDataSource                   : HikariPool-1 - Shutdown completed.
2023-10-31 14:59:59.559  INFO DESKTOP-ADGILVM --- [           main] ringServiceForCvSwaggerDockerApplication : Starting SpringServiceForCvSwaggerDockerApplication using Java 17.0.8.1 on DESKTOP-ADGILVM with PID 9020 (D:\JAVA\Spring-Service-For-CV-Swagger-Docker\target\classes started by USER in D:\JAVA\Spring-Service-For-CV-Swagger-Docker)
2023-10-31 14:59:59.569  INFO DESKTOP-ADGILVM --- [           main] ringServiceForCvSwaggerDockerApplication : No active profile set, falling back to 1 default profile: "default"
2023-10-31 15:00:00.239  INFO DESKTOP-ADGILVM --- [           main] .s.d.r.c.RepositoryConfigurationDelegate : Bootstrapping Spring Data JPA repositories in DEFAULT mode.
2023-10-31 15:00:00.302  INFO DESKTOP-ADGILVM --- [           main] .s.d.r.c.RepositoryConfigurationDelegate : Finished Spring Data repository scanning in 51 ms. Found 4 JPA repository interfaces.
2023-10-31 15:00:00.848  INFO DESKTOP-ADGILVM --- [           main] o.s.b.w.e.t.TomcatWebServer              : Tomcat initialized with port(s): 8080 (http)
2023-10-31 15:00:00.863  INFO DESKTOP-ADGILVM --- [           main] o.a.c.h.Http11NioProtocol                : Initializing ProtocolHandler ["http-nio-8080"]
2023-10-31 15:00:00.864  INFO DESKTOP-ADGILVM --- [           main] o.a.c.c.StandardService                  : Starting service [Tomcat]
2023-10-31 15:00:00.865  INFO DESKTOP-ADGILVM --- [           main] o.a.c.c.StandardEngine                   : Starting Servlet engine: [Apache Tomcat/9.0.78]
2023-10-31 15:00:00.972  INFO DESKTOP-ADGILVM --- [           main] o.a.c.c.C.[.[.[/]                        : Initializing Spring embedded WebApplicationContext
2023-10-31 15:00:00.972  INFO DESKTOP-ADGILVM --- [           main] w.s.c.ServletWebServerApplicationContext : Root WebApplicationContext: initialization completed in 1357 ms
2023-10-31 15:00:01.130  INFO DESKTOP-ADGILVM --- [           main] o.h.j.i.u.LogHelper                      : HHH000204: Processing PersistenceUnitInfo [name: default]
2023-10-31 15:00:01.179  INFO DESKTOP-ADGILVM --- [           main] o.h.Version                              : HHH000412: Hibernate ORM core version 5.6.15.Final
2023-10-31 15:00:01.327  INFO DESKTOP-ADGILVM --- [           main] o.h.a.c.Version                          : HCANN000001: Hibernate Commons Annotations {5.1.2.Final}
2023-10-31 15:00:01.466  INFO DESKTOP-ADGILVM --- [           main] c.z.h.HikariDataSource                   : HikariPool-1 - Starting...
2023-10-31 15:00:01.769  INFO DESKTOP-ADGILVM --- [           main] c.z.h.HikariDataSource                   : HikariPool-1 - Start completed.
2023-10-31 15:00:01.790  INFO DESKTOP-ADGILVM --- [           main] o.h.d.Dialect                            : HHH000400: Using dialect: org.hibernate.dialect.PostgreSQLDialect
2023-10-31 15:00:02.765  INFO DESKTOP-ADGILVM --- [           main] o.h.e.t.j.p.i.JtaPlatformInitiator       : HHH000490: Using JtaPlatform implementation: [org.hibernate.engine.transaction.jta.platform.internal.NoJtaPlatform]
2023-10-31 15:00:02.777  INFO DESKTOP-ADGILVM --- [           main] j.LocalContainerEntityManagerFactoryBean : Initialized JPA EntityManagerFactory for persistence unit 'default'
2023-10-31 15:00:03.309  WARN DESKTOP-ADGILVM --- [           main] JpaBaseConfiguration$JpaWebConfiguration : spring.jpa.open-in-view is enabled by default. Therefore, database queries may be performed during view rendering. Explicitly configure spring.jpa.open-in-view to disable this warning
2023-10-31 15:00:03.768  INFO DESKTOP-ADGILVM --- [           main] o.a.c.h.Http11NioProtocol                : Starting ProtocolHandler ["http-nio-8080"]
2023-10-31 15:00:03.790  INFO DESKTOP-ADGILVM --- [           main] o.s.b.w.e.t.TomcatWebServer              : Tomcat started on port(s): 8080 (http) with context path ''
2023-10-31 15:00:03.801  INFO DESKTOP-ADGILVM --- [           main] ringServiceForCvSwaggerDockerApplication : Started SpringServiceForCvSwaggerDockerApplication in 4.67 seconds (JVM running for 5.75)
2023-10-31 15:00:39.337  INFO DESKTOP-ADGILVM --- [nio-8080-exec-1] o.a.c.c.C.[.[.[/]                        : Initializing Spring DispatcherServlet 'dispatcherServlet'
2023-10-31 15:00:39.337  INFO DESKTOP-ADGILVM --- [nio-8080-exec-1] o.s.w.s.DispatcherServlet                : Initializing Servlet 'dispatcherServlet'
2023-10-31 15:00:39.338  INFO DESKTOP-ADGILVM --- [nio-8080-exec-1] o.s.w.s.DispatcherServlet                : Completed initialization in 1 ms
2023-10-31 15:00:39.441  INFO DESKTOP-ADGILVM --- [nio-8080-exec-1] c.e.s.c.SpecializationController         : Adding new specialization: kotlin
2023-10-31 15:00:39.442  INFO DESKTOP-ADGILVM --- [nio-8080-exec-1] c.e.s.s.SpecializationService            : Storing specialization data for: kotlin
2023-10-31 15:00:49.229  INFO DESKTOP-ADGILVM --- [ionShutdownHook] j.LocalContainerEntityManagerFactoryBean : Closing JPA EntityManagerFactory for persistence unit 'default'
2023-10-31 15:00:49.230  INFO DESKTOP-ADGILVM --- [ionShutdownHook] c.z.h.HikariDataSource                   : HikariPool-1 - Shutdown initiated...
2023-10-31 15:00:49.233  INFO DESKTOP-ADGILVM --- [ionShutdownHook] c.z.h.HikariDataSource                   : HikariPool-1 - Shutdown completed.
